<?xml version="1.0" encoding="UTF-8"?>
<!-- Generated by org.testng.reporters.JUnitReportReporter -->
<testsuite skipped="6" hostname="SAI-HP" name="com.EthnicStore.test.integration.tests.TestUsingSingleProduct" tests="7" failures="0" timestamp="26 May 2017 12:20:16 GMT" time="0.000" errors="1">
  <testcase name="setUp" time="0.000" classname="com.EthnicStore.test.integration.tests.TestUsingSingleProduct">
    <error type="org.testng.TestNGException" message="
Parameter &#039;browser&#039; is required by BeforeClass on method setUp but has not been marked @Optional or defined
in C:\Users\SAI\AppData\Local\Temp\testng-eclipse-445338675\testng-customsuite.xml">
      <![CDATA[org.testng.TestNGException: 
Parameter 'browser' is required by BeforeClass on method setUp but has not been marked @Optional or defined
in C:\Users\SAI\AppData\Local\Temp\testng-eclipse-445338675\testng-customsuite.xml
	at org.testng.internal.Parameters.createParameters(Parameters.java:199)
	at org.testng.internal.Parameters.createParameters(Parameters.java:443)
	at org.testng.internal.Parameters.createConfigurationParameters(Parameters.java:118)
	at org.testng.internal.Invoker.invokeConfigurations(Invoker.java:206)
	at org.testng.internal.Invoker.invokeConfigurations(Invoker.java:146)
	at org.testng.internal.TestMethodWorker.invokeBeforeClassMethods(TestMethodWorker.java:166)
	at org.testng.internal.TestMethodWorker.run(TestMethodWorker.java:105)
	at org.testng.TestRunner.privateRun(TestRunner.java:744)
	at org.testng.TestRunner.run(TestRunner.java:602)
	at org.testng.SuiteRunner.runTest(SuiteRunner.java:380)
	at org.testng.SuiteRunner.runSequentially(SuiteRunner.java:375)
	at org.testng.SuiteRunner.privateRun(SuiteRunner.java:340)
	at org.testng.SuiteRunner.run(SuiteRunner.java:289)
	at org.testng.SuiteRunnerWorker.runSuite(SuiteRunnerWorker.java:52)
	at org.testng.SuiteRunnerWorker.run(SuiteRunnerWorker.java:86)
	at org.testng.TestNG.runSuitesSequentially(TestNG.java:1301)
	at org.testng.TestNG.runSuitesLocally(TestNG.java:1226)
	at org.testng.TestNG.runSuites(TestNG.java:1144)
	at org.testng.TestNG.run(TestNG.java:1115)
	at org.testng.remote.AbstractRemoteTestNG.run(AbstractRemoteTestNG.java:132)
	at org.testng.remote.RemoteTestNG.initAndRun(RemoteTestNG.java:230)
	at org.testng.remote.RemoteTestNG.main(RemoteTestNG.java:76)
]]>
    </error>
  </testcase> <!-- setUp -->
  <testcase name="quickSearchMethodTest" time="0.000" classname="com.EthnicStore.test.integration.tests.TestUsingSingleProduct">
    <skipped/>
  </testcase> <!-- quickSearchMethodTest -->
  <testcase name="selectManufaturerMethod" time="0.000" classname="com.EthnicStore.test.integration.tests.TestUsingSingleProduct">
    <skipped/>
  </testcase> <!-- selectManufaturerMethod -->
  <testcase name="login" time="0.000" classname="com.EthnicStore.test.integration.tests.TestUsingSingleProduct">
    <skipped/>
  </testcase> <!-- login -->
  <testcase name="productReviewTest1" time="0.000" classname="com.EthnicStore.test.integration.tests.TestUsingSingleProduct">
    <skipped/>
  </testcase> <!-- productReviewTest1 -->
  <testcase name="logOffTest" time="0.000" classname="com.EthnicStore.test.integration.tests.TestUsingSingleProduct">
    <skipped/>
  </testcase> <!-- logOffTest -->
  <testcase name="productReviewTest" time="0.000" classname="com.EthnicStore.test.integration.tests.TestUsingSingleProduct">
    <skipped/>
  </testcase> <!-- productReviewTest -->
</testsuite> <!-- com.EthnicStore.test.integration.tests.TestUsingSingleProduct -->
